2
3
1
141
11
34
1
10
3
0
0
1
117079
4017006
3974758
389844
588471
243518
1898380
25
99
583045
50185
2282352
431043
1138281
911814
4082592
5728
34
269199
67553
19147
199831
142
11662
912983
1629300932
43990378
509423145
130617144
13578510
16072328
1265731575
212465656
805027988
41682612
860213172
192599407
1481582806
99659794
2244691189
0
0
0
0
0
0
0
0
0
0
416772062684998
416449071122121
416694096232403
416739095982388
416817167886829
416795248955056
416681891111880
416709125769928
416817397761483
416663827632809
416712868549740
416917945517413
416715971279790
416448220698291
416695154405095
622272962475000
0
104088232601204
104083354165000
46260443144006
46250018052315
4166416671249975000
4166250014583125001
